-------------------------------------------------------------------------------
Test set: todolist.controller.TareaWebTest
-------------------------------------------------------------------------------
Tests run: 5, Failures: 0, Errors: 2, Skipped: 0, Time elapsed: 2.07 s <<< FAILURE! - in todolist.controller.TareaWebTest
editarTareaActualizaLaTarea  Time elapsed: 0.083 s  <<< ERROR!
org.springframework.web.util.NestedServletException: Request processing failed; nested exception is org.springframework.transaction.TransactionSystemException: Could not commit JPA transaction; nested exception is javax.persistence.RollbackException: Error while committing the transaction
	at todolist.controller.TareaWebTest.editarTareaActualizaLaTarea(TareaWebTest.java:190)
Caused by: org.springframework.transaction.TransactionSystemException: Could not commit JPA transaction; nested exception is javax.persistence.RollbackException: Error while committing the transaction
	at todolist.controller.TareaWebTest.editarTareaActualizaLaTarea(TareaWebTest.java:190)
Caused by: javax.persistence.RollbackException: Error while committing the transaction
	at todolist.controller.TareaWebTest.editarTareaActualizaLaTarea(TareaWebTest.java:190)
Caused by: javax.validation.ConstraintViolationException: 
Validation failed for classes [todolist.model.Tarea] during update time for groups [javax.validation.groups.Default, ]
List of constraint violations:[
	ConstraintViolationImpl{interpolatedMessage='no debe ser nulo', propertyPath=prioridad, rootBeanClass=class todolist.model.Tarea, messageTemplate='{javax.validation.constraints.NotNull.message}'}
]
	at todolist.controller.TareaWebTest.editarTareaActualizaLaTarea(TareaWebTest.java:190)

postNuevaTareaDevuelveRedirectYAñadeTarea  Time elapsed: 0.028 s  <<< ERROR!
org.springframework.web.util.NestedServletException: 
Request processing failed; nested exception is javax.validation.ConstraintViolationException: Validation failed for classes [todolist.model.Tarea] during persist time for groups [javax.validation.groups.Default, ]
List of constraint violations:[
	ConstraintViolationImpl{interpolatedMessage='no debe ser nulo', propertyPath=prioridad, rootBeanClass=class todolist.model.Tarea, messageTemplate='{javax.validation.constraints.NotNull.message}'}
]
	at todolist.controller.TareaWebTest.postNuevaTareaDevuelveRedirectYAñadeTarea(TareaWebTest.java:131)
Caused by: javax.validation.ConstraintViolationException: 
Validation failed for classes [todolist.model.Tarea] during persist time for groups [javax.validation.groups.Default, ]
List of constraint violations:[
	ConstraintViolationImpl{interpolatedMessage='no debe ser nulo', propertyPath=prioridad, rootBeanClass=class todolist.model.Tarea, messageTemplate='{javax.validation.constraints.NotNull.message}'}
]
	at todolist.controller.TareaWebTest.postNuevaTareaDevuelveRedirectYAñadeTarea(TareaWebTest.java:131)

